0 info it worked if it ends with ok
1 verbose cli [ '/local/software/node-v4.2.2-linux-x64/bin/node',
1 verbose cli   '/local/software/node-v4.2.2-linux-x64/bin/npm',
1 verbose cli   'start' ]
2 info using npm@2.14.7
3 info using node@v4.2.2
4 verbose stack Error: ENOENT: no such file or directory, open '/local/project/isee/package.json'
4 verbose stack     at Error (native)
5 verbose cwd /local/project/isee
6 error Linux 3.13.0-58-generic
7 error argv "/local/software/node-v4.2.2-linux-x64/bin/node" "/local/software/node-v4.2.2-linux-x64/bin/npm" "start"
8 error node v4.2.2
9 error npm  v2.14.7
10 error path /local/project/isee/package.json
11 error code ENOENT
12 error errno -2
13 error syscall open
14 error enoent ENOENT: no such file or directory, open '/local/project/isee/package.json'
14 error enoent This is most likely not a problem with npm itself
14 error enoent and is related to npm not being able to find a file.
15 verbose exit [ -2, true ]
